# JRE version: Java(TM) SE Runtime Environment (8.0_411) (build 1.8.0_411-b09)
# Java VM: Java HotSpot(TM) 64-Bit Server VM (25.411-b09 mixed mode windows-amd64 compressed oops)
Heap:
 PSYoungGen      total 146432K, used 60740K [0x00000000d5e00000, 0x00000000dfa00000, 0x0000000100000000)
  eden space 133120K, 45% used [0x00000000d5e00000,0x00000000d99512c8,0x00000000de000000)
  from space 13312K, 0% used [0x00000000ded00000,0x00000000ded00000,0x00000000dfa00000)
  to   space 13312K, 0% used [0x00000000de000000,0x00000000de000000,0x00000000ded00000)
 ParOldGen       total 65536K, used 14374K [0x0000000081a00000, 0x0000000085a00000, 0x00000000d5e00000)
  object space 65536K, 21% used [0x0000000081a00000,0x0000000082809ae0,0x0000000085a00000)
 Metaspace       used 23503K, capacity 24322K, committed 24448K, reserved 1071104K
  class space    used 2874K, capacity 3100K, committed 3200K, reserved 1048576K
GC Heap History (10 events):
Event: 2.578 GC heap before
{Heap before GC invocations=3 (full 0):
 PSYoungGen      total 38400K, used 38374K [0x00000000d5e00000, 0x00000000da900000, 0x0000000100000000)
  eden space 33280K, 100% used [0x00000000d5e00000,0x00000000d7e80000,0x00000000d7e80000)
  from space 5120K, 99% used [0x00000000d8380000,0x00000000d8879a90,0x00000000d8880000)
  to   space 5120K, 0% used [0x00000000d7e80000,0x00000000d7e80000,0x00000000d8380000)
 ParOldGen       total 87552K, used 1344K [0x0000000081a00000, 0x0000000086f80000, 0x00000000d5e00000)
  object space 87552K, 1% used [0x0000000081a00000,0x0000000081b503f8,0x0000000086f80000)
 Metaspace       used 15792K, capacity 16250K, committed 16512K, reserved 1062912K
  class space    used 1959K, capacity 2112K, committed 2176K, reserved 1048576K
Event: 2.592 GC heap after
Heap after GC invocations=3 (full 0):
 PSYoungGen      total 38400K, used 5096K [0x00000000d5e00000, 0x00000000da900000, 0x0000000100000000)
  eden space 33280K, 0% used [0x00000000d5e00000,0x00000000d5e00000,0x00000000d7e80000)
  from space 5120K, 99% used [0x00000000d7e80000,0x00000000d837a028,0x00000000d8380000)
  to   space 5120K, 0% used [0x00000000da400000,0x00000000da400000,0x00000000da900000)
 ParOldGen       total 87552K, used 3953K [0x0000000081a00000, 0x0000000086f80000, 0x00000000d5e00000)
  object space 87552K, 4% used [0x0000000081a00000,0x0000000081ddc798,0x0000000086f80000)
 Metaspace       used 15792K, capacity 16250K, committed 16512K, reserved 1062912K
  class space    used 1959K, capacity 2112K, committed 2176K, reserved 1048576K
}
Event: 3.786 GC heap before
{Heap before GC invocations=4 (full 0):
 PSYoungGen      total 38400K, used 38376K [0x00000000d5e00000, 0x00000000da900000, 0x0000000100000000)
  eden space 33280K, 100% used [0x00000000d5e00000,0x00000000d7e80000,0x00000000d7e80000)
  from space 5120K, 99% used [0x00000000d7e80000,0x00000000d837a028,0x00000000d8380000)
  to   space 5120K, 0% used [0x00000000da400000,0x00000000da400000,0x00000000da900000)
 ParOldGen       total 87552K, used 3953K [0x0000000081a00000, 0x0000000086f80000, 0x00000000d5e00000)
  object space 87552K, 4% used [0x0000000081a00000,0x0000000081ddc798,0x0000000086f80000)
 Metaspace       used 19398K, capacity 19996K, committed 20224K, reserved 1067008K
  class space    used 2409K, capacity 2557K, committed 2560K, reserved 1048576K
Event: 3.802 GC heap after
Heap after GC invocations=4 (full 0):
 PSYoungGen      total 71680K, used 5104K [0x00000000d5e00000, 0x00000000da900000, 0x0000000100000000)
  eden space 66560K, 0% used [0x00000000d5e00000,0x00000000d5e00000,0x00000000d9f00000)
  from space 5120K, 99% used [0x00000000da400000,0x00000000da8fc050,0x00000000da900000)
  to   space 5120K, 0% used [0x00000000d9f00000,0x00000000d9f00000,0x00000000da400000)
 ParOldGen       total 87552K, used 7692K [0x0000000081a00000, 0x0000000086f80000, 0x00000000d5e00000)
  object space 87552K, 8% used [0x0000000081a00000,0x00000000821831a0,0x0000000086f80000)
 Metaspace       used 19398K, capacity 19996K, committed 20224K, reserved 1067008K
  class space    used 2409K, capacity 2557K, committed 2560K, reserved 1048576K
}
Event: 5.519 GC heap before
{Heap before GC invocations=5 (full 0):
 PSYoungGen      total 71680K, used 71664K [0x00000000d5e00000, 0x00000000da900000, 0x0000000100000000)
  eden space 66560K, 100% used [0x00000000d5e00000,0x00000000d9f00000,0x00000000d9f00000)
  from space 5120K, 99% used [0x00000000da400000,0x00000000da8fc050,0x00000000da900000)
  to   space 5120K, 0% used [0x00000000d9f00000,0x00000000d9f00000,0x00000000da400000)
 ParOldGen       total 87552K, used 7692K [0x0000000081a00000, 0x0000000086f80000, 0x00000000d5e00000)
  object space 87552K, 8% used [0x0000000081a00000,0x00000000821831a0,0x0000000086f80000)
 Metaspace       used 20490K, capacity 21178K, committed 21296K, reserved 1069056K
  class space    used 2493K, capacity 2680K, committed 2688K, reserved 1048576K
Event: 5.537 GC heap after
Heap after GC invocations=5 (full 0):
 PSYoungGen      total 71680K, used 5104K [0x00000000d5e00000, 0x00000000dfa00000, 0x0000000100000000)
  eden space 66560K, 0% used [0x00000000d5e00000,0x00000000d5e00000,0x00000000d9f00000)
  from space 5120K, 99% used [0x00000000d9f00000,0x00000000da3fc030,0x00000000da400000)
  to   space 13312K, 0% used [0x00000000ded00000,0x00000000ded00000,0x00000000dfa00000)
 ParOldGen       total 87552K, used 15494K [0x0000000081a00000, 0x0000000086f80000, 0x00000000d5e00000)
  object space 87552K, 17% used [0x0000000081a00000,0x0000000082921aa0,0x0000000086f80000)
 Metaspace       used 20490K, capacity 21178K, committed 21296K, reserved 1069056K
  class space    used 2493K, capacity 2680K, committed 2688K, reserved 1048576K
}
Event: 5.581 GC heap before
{Heap before GC invocations=6 (full 0):
 PSYoungGen      total 71680K, used 7853K [0x00000000d5e00000, 0x00000000dfa00000, 0x0000000100000000)
  eden space 66560K, 4% used [0x00000000d5e00000,0x00000000d60af4e8,0x00000000d9f00000)
  from space 5120K, 99% used [0x00000000d9f00000,0x00000000da3fc030,0x00000000da400000)
  to   space 13312K, 0% used [0x00000000ded00000,0x00000000ded00000,0x00000000dfa00000)
 ParOldGen       total 87552K, used 15494K [0x0000000081a00000, 0x0000000086f80000, 0x00000000d5e00000)
  object space 87552K, 17% used [0x0000000081a00000,0x0000000082921aa0,0x0000000086f80000)
 Metaspace       used 20530K, capacity 21248K, committed 21296K, reserved 1069056K
  class space    used 2494K, capacity 2681K, committed 2688K, reserved 1048576K
Event: 5.592 GC heap after
Heap after GC invocations=6 (full 0):
 PSYoungGen      total 146432K, used 5568K [0x00000000d5e00000, 0x00000000dfa00000, 0x0000000100000000)
  eden space 133120K, 0% used [0x00000000d5e00000,0x00000000d5e00000,0x00000000de000000)
  from space 13312K, 41% used [0x00000000ded00000,0x00000000df270020,0x00000000dfa00000)
  to   space 13312K, 0% used [0x00000000de000000,0x00000000de000000,0x00000000ded00000)
 ParOldGen       total 87552K, used 15502K [0x0000000081a00000, 0x0000000086f80000, 0x00000000d5e00000)
  object space 87552K, 17% used [0x0000000081a00000,0x0000000082923aa0,0x0000000086f80000)
 Metaspace       used 20530K, capacity 21248K, committed 21296K, reserved 1069056K
  class space    used 2494K, capacity 2681K, committed 2688K, reserved 1048576K
}
Event: 5.592 GC heap before
{Heap before GC invocations=7 (full 1):
 PSYoungGen      total 146432K, used 5568K [0x00000000d5e00000, 0x00000000dfa00000, 0x0000000100000000)
  eden space 133120K, 0% used [0x00000000d5e00000,0x00000000d5e00000,0x00000000de000000)
  from space 13312K, 41% used [0x00000000ded00000,0x00000000df270020,0x00000000dfa00000)
  to   space 13312K, 0% used [0x00000000de000000,0x00000000de000000,0x00000000ded00000)
 ParOldGen       total 87552K, used 15502K [0x0000000081a00000, 0x0000000086f80000, 0x00000000d5e00000)
  object space 87552K, 17% used [0x0000000081a00000,0x0000000082923aa0,0x0000000086f80000)
 Metaspace       used 20530K, capacity 21248K, committed 21296K, reserved 1069056K
  class space    used 2494K, capacity 2681K, committed 2688K, reserved 1048576K
Event: 5.713 GC heap after
Heap after GC invocations=7 (full 1):
 PSYoungGen      total 146432K, used 0K [0x00000000d5e00000, 0x00000000dfa00000, 0x0000000100000000)
  eden space 133120K, 0% used [0x00000000d5e00000,0x00000000d5e00000,0x00000000de000000)
  from space 13312K, 0% used [0x00000000ded00000,0x00000000ded00000,0x00000000dfa00000)
  to   space 13312K, 0% used [0x00000000de000000,0x00000000de000000,0x00000000ded00000)
 ParOldGen       total 65536K, used 14374K [0x0000000081a00000, 0x0000000085a00000, 0x00000000d5e00000)
  object space 65536K, 21% used [0x0000000081a00000,0x0000000082809ae0,0x0000000085a00000)
 Metaspace       used 20530K, capacity 21248K, committed 21296K, reserved 1069056K
  class space    used 2494K, capacity 2681K, committed 2688K, reserved 1048576K
}

